app/build/intermediates/manifest_merge_blame_file/debug/manifest-merger-blame-debug-report.txt
1<?xml version="1.0" encoding="utf-8"?>
2<manifest xmlns:android="http://schemas.android.com/apk/res/android"
3    package="com.example.databindingmvvmapp"
4    android:versionCode="1"
5    android:versionName="1.0" >
6
7    <uses-sdk
8        android:minSdkVersion="14"
8-->src\main\AndroidManifest.xml
9        android:targetSdkVersion="29" />
9-->src\main\AndroidManifest.xml
10
11    <application
11-->src\main\AndroidManifest.xml:4:5-18:19
12        android:allowBackup="true"
12-->src\main\AndroidManifest.xml:5:9-35
13        android:appComponentFactory="androidx.core.app.CoreComponentFactory"
13-->[androidx.core:core:1.1.0] AndroidManifest.xml:24:18-86
14        android:debuggable="true"
15        android:icon="@mipmap/ic_launcher"
15-->src\main\AndroidManifest.xml:6:9-43
16        android:label="@string/app_name"
16-->src\main\AndroidManifest.xml:7:9-41
17        android:roundIcon="@mipmap/ic_launcher_round"
17-->src\main\AndroidManifest.xml:8:9-54
18        android:supportsRtl="true"
18-->src\main\AndroidManifest.xml:9:9-35
19        android:theme="@style/AppTheme" >
19-->src\main\AndroidManifest.xml:10:9-40
20        <activity android:name="com.example.jetpackcomponentsapp.MainActivity" >
20-->src\main\AndroidManifest.xml:11:9-17:20
20-->src\main\AndroidManifest.xml:11:19-79
21            <intent-filter>
21-->src\main\AndroidManifest.xml:12:13-16:29
22                <action android:name="android.intent.action.MAIN" />
22-->src\main\AndroidManifest.xml:13:17-69
22-->src\main\AndroidManifest.xml:13:25-66
23                <!-- <category android:name="android.intent.category.DEFAULT"/> -->
24                <category android:name="android.intent.category.LAUNCHER" />
24-->src\main\AndroidManifest.xml:15:17-77
24-->src\main\AndroidManifest.xml:15:27-74
25            </intent-filter>
26        </activity>
27
28        <provider
28-->[androidx.lifecycle:lifecycle-process:2.1.0] AndroidManifest.xml:23:9-27:43
29            android:name="androidx.lifecycle.ProcessLifecycleOwnerInitializer"
29-->[androidx.lifecycle:lifecycle-process:2.1.0] AndroidManifest.xml:24:13-79
30            android:authorities="com.example.databindingmvvmapp.lifecycle-process"
30-->[androidx.lifecycle:lifecycle-process:2.1.0] AndroidManifest.xml:25:13-69
31            android:exported="false"
31-->[androidx.lifecycle:lifecycle-process:2.1.0] AndroidManifest.xml:26:13-37
32            android:multiprocess="true" />
32-->[androidx.lifecycle:lifecycle-process:2.1.0] AndroidManifest.xml:27:13-40
33    </application>
34
35</manifest>